# JRE version: OpenJDK Runtime Environment Temurin-21.0.8+9 (21.0.8+9) (build 21.0.8+9-LTS)
# Java VM: OpenJDK 64-Bit Server VM Temurin-21.0.8+9 (21.0.8+9-LTS, mixed mode, sharing, tiered, compressed oops, compressed class ptrs, parallel gc, windows-amd64)
GC Precious Log:
 CardTable entry size: 512
 CPUs: 8 total, 8 available
 Memory: 7952M
 Large Page Support: Disabled
 NUMA Support: Disabled
 Compressed Oops: Enabled (32-bit)
 Alignments: Space 512K, Generation 512K, Heap 2M
 Heap Min Capacity: 100M
 Heap Initial Capacity: 100M
 Heap Max Capacity: 2G
 Pre-touch: Disabled
 Parallel Workers: 8
Heap:
 PSYoungGen      total 8192K, used 7996K [0x00000000d5580000, 0x00000000d5f80000, 0x0000000100000000)
  eden space 7680K, 97% used [0x00000000d5580000,0x00000000d5cd0718,0x00000000d5d00000)
  from space 512K, 98% used [0x00000000d5f00000,0x00000000d5f7eb70,0x00000000d5f80000)
  to   space 1024K, 0% used [0x00000000d5d80000,0x00000000d5d80000,0x00000000d5e80000)
 ParOldGen       total 1145856K, used 744960K [0x0000000080000000, 0x00000000c5f00000, 0x00000000d5580000)
  object space 1145856K, 65% used [0x0000000080000000,0x00000000ad7801e8,0x00000000c5f00000)
 Metaspace       used 106138K, committed 107968K, reserved 1179648K
  class space    used 10470K, committed 11392K, reserved 1048576K
GC Heap History (20 events):
Event: 13169.501 GC heap before
{Heap before GC invocations=7597 (full 8):
 PSYoungGen      total 8704K, used 8356K [0x00000000d5580000, 0x00000000d5f80000, 0x0000000100000000)
  eden space 7680K, 100% used [0x00000000d5580000,0x00000000d5d00000,0x00000000d5d00000)
  from space 1024K, 66% used [0x00000000d5e80000,0x00000000d5f29230,0x00000000d5f80000)
  to   space 1024K, 0% used [0x00000000d5d00000,0x00000000d5d00000,0x00000000d5e00000)
 ParOldGen       total 1145856K, used 737297K [0x0000000080000000, 0x00000000c5f00000, 0x00000000d5580000)
  object space 1145856K, 64% used [0x0000000080000000,0x00000000ad0047e8,0x00000000c5f00000)
 Metaspace       used 106138K, committed 107968K, reserved 1179648K
  class space    used 10470K, committed 11392K, reserved 1048576K
}
Event: 13170.140 GC heap after
{Heap after GC invocations=7597 (full 8):
 PSYoungGen      total 8704K, used 1003K [0x00000000d5580000, 0x00000000d6500000, 0x0000000100000000)
  eden space 7680K, 0% used [0x00000000d5580000,0x00000000d5580000,0x00000000d5d00000)
  from space 1024K, 98% used [0x00000000d5d00000,0x00000000d5dfafb0,0x00000000d5e00000)
  to   space 4096K, 0% used [0x00000000d6100000,0x00000000d6100000,0x00000000d6500000)
 ParOldGen       total 1145856K, used 739737K [0x0000000080000000, 0x00000000c5f00000, 0x00000000d5580000)
  object space 1145856K, 64% used [0x0000000080000000,0x00000000ad2667e8,0x00000000c5f00000)
 Metaspace       used 106138K, committed 107968K, reserved 1179648K
  class space    used 10470K, committed 11392K, reserved 1048576K
}
Event: 13191.427 GC heap before
{Heap before GC invocations=7598 (full 8):
 PSYoungGen      total 8704K, used 8682K [0x00000000d5580000, 0x00000000d6500000, 0x0000000100000000)
  eden space 7680K, 99% used [0x00000000d5580000,0x00000000d5cff918,0x00000000d5d00000)
  from space 1024K, 98% used [0x00000000d5d00000,0x00000000d5dfafb0,0x00000000d5e00000)
  to   space 4096K, 0% used [0x00000000d6100000,0x00000000d6100000,0x00000000d6500000)
 ParOldGen       total 1145856K, used 739737K [0x0000000080000000, 0x00000000c5f00000, 0x00000000d5580000)
  object space 1145856K, 64% used [0x0000000080000000,0x00000000ad2667e8,0x00000000c5f00000)
 Metaspace       used 106138K, committed 107968K, reserved 1179648K
  class space    used 10470K, committed 11392K, reserved 1048576K
}
Event: 13191.727 GC heap after
{Heap after GC invocations=7598 (full 8):
 PSYoungGen      total 8704K, used 625K [0x00000000d5580000, 0x00000000d6200000, 0x0000000100000000)
  eden space 7680K, 0% used [0x00000000d5580000,0x00000000d5580000,0x00000000d5d00000)
  from space 1024K, 61% used [0x00000000d6100000,0x00000000d619c4f0,0x00000000d6200000)
  to   space 2048K, 0% used [0x00000000d5e00000,0x00000000d5e00000,0x00000000d6000000)
 ParOldGen       total 1145856K, used 739850K [0x0000000080000000, 0x00000000c5f00000, 0x00000000d5580000)
  object space 1145856K, 64% used [0x0000000080000000,0x00000000ad282808,0x00000000c5f00000)
 Metaspace       used 106138K, committed 107968K, reserved 1179648K
  class space    used 10470K, committed 11392K, reserved 1048576K
}
Event: 13193.727 GC heap before
{Heap before GC invocations=7599 (full 8):
 PSYoungGen      total 8704K, used 8294K [0x00000000d5580000, 0x00000000d6200000, 0x0000000100000000)
  eden space 7680K, 99% used [0x00000000d5580000,0x00000000d5cfd3a0,0x00000000d5d00000)
  from space 1024K, 61% used [0x00000000d6100000,0x00000000d619c4f0,0x00000000d6200000)
  to   space 2048K, 0% used [0x00000000d5e00000,0x00000000d5e00000,0x00000000d6000000)
 ParOldGen       total 1145856K, used 739850K [0x0000000080000000, 0x00000000c5f00000, 0x00000000d5580000)
  object space 1145856K, 64% used [0x0000000080000000,0x00000000ad282808,0x00000000c5f00000)
 Metaspace       used 106138K, committed 107968K, reserved 1179648K
  class space    used 10470K, committed 11392K, reserved 1048576K
}
Event: 13193.752 GC heap after
{Heap after GC invocations=7599 (full 8):
 PSYoungGen      total 9728K, used 1034K [0x00000000d5580000, 0x00000000d6180000, 0x0000000100000000)
  eden space 7680K, 0% used [0x00000000d5580000,0x00000000d5580000,0x00000000d5d00000)
  from space 2048K, 50% used [0x00000000d5e00000,0x00000000d5f02ba0,0x00000000d6000000)
  to   space 1536K, 0% used [0x00000000d6000000,0x00000000d6000000,0x00000000d6180000)
 ParOldGen       total 1145856K, used 740379K [0x0000000080000000, 0x00000000c5f00000, 0x00000000d5580000)
  object space 1145856K, 64% used [0x0000000080000000,0x00000000ad306cf8,0x00000000c5f00000)
 Metaspace       used 106138K, committed 107968K, reserved 1179648K
  class space    used 10470K, committed 11392K, reserved 1048576K
}
Event: 13194.358 GC heap before
{Heap before GC invocations=7600 (full 8):
 PSYoungGen      total 9728K, used 8714K [0x00000000d5580000, 0x00000000d6180000, 0x0000000100000000)
  eden space 7680K, 100% used [0x00000000d5580000,0x00000000d5d00000,0x00000000d5d00000)
  from space 2048K, 50% used [0x00000000d5e00000,0x00000000d5f02ba0,0x00000000d6000000)
  to   space 1536K, 0% used [0x00000000d6000000,0x00000000d6000000,0x00000000d6180000)
 ParOldGen       total 1145856K, used 740379K [0x0000000080000000, 0x00000000c5f00000, 0x00000000d5580000)
  object space 1145856K, 64% used [0x0000000080000000,0x00000000ad306cf8,0x00000000c5f00000)
 Metaspace       used 106138K, committed 107968K, reserved 1179648K
  class space    used 10470K, committed 11392K, reserved 1048576K
}
Event: 13194.373 GC heap after
{Heap after GC invocations=7600 (full 8):
 PSYoungGen      total 8704K, used 736K [0x00000000d5580000, 0x00000000d6100000, 0x0000000100000000)
  eden space 7680K, 0% used [0x00000000d5580000,0x00000000d5580000,0x00000000d5d00000)
  from space 1024K, 71% used [0x00000000d6000000,0x00000000d60b8020,0x00000000d6100000)
  to   space 1024K, 0% used [0x00000000d5f00000,0x00000000d5f00000,0x00000000d6000000)
 ParOldGen       total 1145856K, used 741238K [0x0000000080000000, 0x00000000c5f00000, 0x00000000d5580000)
  object space 1145856K, 64% used [0x0000000080000000,0x00000000ad3dd8a8,0x00000000c5f00000)
 Metaspace       used 106138K, committed 107968K, reserved 1179648K
  class space    used 10470K, committed 11392K, reserved 1048576K
}
Event: 13196.055 GC heap before
{Heap before GC invocations=7601 (full 8):
 PSYoungGen      total 8704K, used 8416K [0x00000000d5580000, 0x00000000d6100000, 0x0000000100000000)
  eden space 7680K, 100% used [0x00000000d5580000,0x00000000d5d00000,0x00000000d5d00000)
  from space 1024K, 71% used [0x00000000d6000000,0x00000000d60b8020,0x00000000d6100000)
  to   space 1024K, 0% used [0x00000000d5f00000,0x00000000d5f00000,0x00000000d6000000)
 ParOldGen       total 1145856K, used 741238K [0x0000000080000000, 0x00000000c5f00000, 0x00000000d5580000)
  object space 1145856K, 64% used [0x0000000080000000,0x00000000ad3dd8a8,0x00000000c5f00000)
 Metaspace       used 106138K, committed 107968K, reserved 1179648K
  class space    used 10470K, committed 11392K, reserved 1048576K
}
Event: 13196.080 GC heap after
{Heap after GC invocations=7601 (full 8):
 PSYoungGen      total 8704K, used 1014K [0x00000000d5580000, 0x00000000d6200000, 0x0000000100000000)
  eden space 7680K, 0% used [0x00000000d5580000,0x00000000d5580000,0x00000000d5d00000)
  from space 1024K, 99% used [0x00000000d5f00000,0x00000000d5ffd980,0x00000000d6000000)
  to   space 2048K, 0% used [0x00000000d6000000,0x00000000d6000000,0x00000000d6200000)
 ParOldGen       total 1145856K, used 742498K [0x0000000080000000, 0x00000000c5f00000, 0x00000000d5580000)
  object space 1145856K, 64% used [0x0000000080000000,0x00000000ad518af8,0x00000000c5f00000)
 Metaspace       used 106138K, committed 107968K, reserved 1179648K
  class space    used 10470K, committed 11392K, reserved 1048576K
}
Event: 13197.398 GC heap before
{Heap before GC invocations=7602 (full 8):
 PSYoungGen      total 8704K, used 8694K [0x00000000d5580000, 0x00000000d6200000, 0x0000000100000000)
  eden space 7680K, 100% used [0x00000000d5580000,0x00000000d5d00000,0x00000000d5d00000)
  from space 1024K, 99% used [0x00000000d5f00000,0x00000000d5ffd980,0x00000000d6000000)
  to   space 2048K, 0% used [0x00000000d6000000,0x00000000d6000000,0x00000000d6200000)
 ParOldGen       total 1145856K, used 742498K [0x0000000080000000, 0x00000000c5f00000, 0x00000000d5580000)
  object space 1145856K, 64% used [0x0000000080000000,0x00000000ad518af8,0x00000000c5f00000)
 Metaspace       used 106138K, committed 107968K, reserved 1179648K
  class space    used 10470K, committed 11392K, reserved 1048576K
}
Event: 13197.421 GC heap after
{Heap after GC invocations=7602 (full 8):
 PSYoungGen      total 9216K, used 1418K [0x00000000d5580000, 0x00000000d6180000, 0x0000000100000000)
  eden space 7680K, 0% used [0x00000000d5580000,0x00000000d5580000,0x00000000d5d00000)
  from space 1536K, 92% used [0x00000000d6000000,0x00000000d6162ba0,0x00000000d6180000)
  to   space 2048K, 0% used [0x00000000d5d80000,0x00000000d5d80000,0x00000000d5f80000)
 ParOldGen       total 1145856K, used 743490K [0x0000000080000000, 0x00000000c5f00000, 0x00000000d5580000)
  object space 1145856K, 64% used [0x0000000080000000,0x00000000ad610898,0x00000000c5f00000)
 Metaspace       used 106138K, committed 107968K, reserved 1179648K
  class space    used 10470K, committed 11392K, reserved 1048576K
}
Event: 13197.667 GC heap before
{Heap before GC invocations=7603 (full 8):
 PSYoungGen      total 9216K, used 9098K [0x00000000d5580000, 0x00000000d6180000, 0x0000000100000000)
  eden space 7680K, 100% used [0x00000000d5580000,0x00000000d5d00000,0x00000000d5d00000)
  from space 1536K, 92% used [0x00000000d6000000,0x00000000d6162ba0,0x00000000d6180000)
  to   space 2048K, 0% used [0x00000000d5d80000,0x00000000d5d80000,0x00000000d5f80000)
 ParOldGen       total 1145856K, used 743490K [0x0000000080000000, 0x00000000c5f00000, 0x00000000d5580000)
  object space 1145856K, 64% used [0x0000000080000000,0x00000000ad610898,0x00000000c5f00000)
 Metaspace       used 106138K, committed 107968K, reserved 1179648K
  class space    used 10470K, committed 11392K, reserved 1048576K
}
Event: 13197.682 GC heap after
{Heap after GC invocations=7603 (full 8):
 PSYoungGen      total 8704K, used 769K [0x00000000d5580000, 0x00000000d6080000, 0x0000000100000000)
  eden space 7680K, 0% used [0x00000000d5580000,0x00000000d5580000,0x00000000d5d00000)
  from space 1024K, 75% used [0x00000000d5d80000,0x00000000d5e40500,0x00000000d5e80000)
  to   space 1536K, 0% used [0x00000000d5f00000,0x00000000d5f00000,0x00000000d6080000)
 ParOldGen       total 1145856K, used 744379K [0x0000000080000000, 0x00000000c5f00000, 0x00000000d5580000)
  object space 1145856K, 64% used [0x0000000080000000,0x00000000ad6eeeb8,0x00000000c5f00000)
 Metaspace       used 106138K, committed 107968K, reserved 1179648K
  class space    used 10470K, committed 11392K, reserved 1048576K
}
Event: 13197.965 GC heap before
{Heap before GC invocations=7604 (full 8):
 PSYoungGen      total 8704K, used 8413K [0x00000000d5580000, 0x00000000d6080000, 0x0000000100000000)
  eden space 7680K, 99% used [0x00000000d5580000,0x00000000d5cf7058,0x00000000d5d00000)
  from space 1024K, 75% used [0x00000000d5d80000,0x00000000d5e40500,0x00000000d5e80000)
  to   space 1536K, 0% used [0x00000000d5f00000,0x00000000d5f00000,0x00000000d6080000)
 ParOldGen       total 1145856K, used 744379K [0x0000000080000000, 0x00000000c5f00000, 0x00000000d5580000)
  object space 1145856K, 64% used [0x0000000080000000,0x00000000ad6eeeb8,0x00000000c5f00000)
 Metaspace       used 106138K, committed 107968K, reserved 1179648K
  class space    used 10470K, committed 11392K, reserved 1048576K
}
Event: 13197.985 GC heap after
{Heap after GC invocations=7604 (full 8):
 PSYoungGen      total 8192K, used 430K [0x00000000d5580000, 0x00000000d5f80000, 0x0000000100000000)
  eden space 7680K, 0% used [0x00000000d5580000,0x00000000d5580000,0x00000000d5d00000)
  from space 512K, 84% used [0x00000000d5f00000,0x00000000d5f6ba70,0x00000000d5f80000)
  to   space 1024K, 0% used [0x00000000d5d80000,0x00000000d5d80000,0x00000000d5e80000)
 ParOldGen       total 1145856K, used 744530K [0x0000000080000000, 0x00000000c5f00000, 0x00000000d5580000)
  object space 1145856K, 64% used [0x0000000080000000,0x00000000ad714848,0x00000000c5f00000)
 Metaspace       used 106138K, committed 107968K, reserved 1179648K
  class space    used 10470K, committed 11392K, reserved 1048576K
}
Event: 13198.089 GC heap before
{Heap before GC invocations=7605 (full 8):
 PSYoungGen      total 8192K, used 8110K [0x00000000d5580000, 0x00000000d5f80000, 0x0000000100000000)
  eden space 7680K, 100% used [0x00000000d5580000,0x00000000d5d00000,0x00000000d5d00000)
  from space 512K, 84% used [0x00000000d5f00000,0x00000000d5f6ba70,0x00000000d5f80000)
  to   space 1024K, 0% used [0x00000000d5d80000,0x00000000d5d80000,0x00000000d5e80000)
 ParOldGen       total 1145856K, used 744530K [0x0000000080000000, 0x00000000c5f00000, 0x00000000d5580000)
  object space 1145856K, 64% used [0x0000000080000000,0x00000000ad714848,0x00000000c5f00000)
 Metaspace       used 106138K, committed 107968K, reserved 1179648K
  class space    used 10470K, committed 11392K, reserved 1048576K
}
Event: 13198.098 GC heap after
{Heap after GC invocations=7605 (full 8):
 PSYoungGen      total 8704K, used 224K [0x00000000d5580000, 0x00000000d5f80000, 0x0000000100000000)
  eden space 7680K, 0% used [0x00000000d5580000,0x00000000d5580000,0x00000000d5d00000)
  from space 1024K, 21% used [0x00000000d5d80000,0x00000000d5db8000,0x00000000d5e80000)
  to   space 512K, 0% used [0x00000000d5f00000,0x00000000d5f00000,0x00000000d5f80000)
 ParOldGen       total 1145856K, used 744586K [0x0000000080000000, 0x00000000c5f00000, 0x00000000d5580000)
  object space 1145856K, 64% used [0x0000000080000000,0x00000000ad722848,0x00000000c5f00000)
 Metaspace       used 106138K, committed 107968K, reserved 1179648K
  class space    used 10470K, committed 11392K, reserved 1048576K
}
Event: 13198.223 GC heap before
{Heap before GC invocations=7606 (full 8):
 PSYoungGen      total 8704K, used 7904K [0x00000000d5580000, 0x00000000d5f80000, 0x0000000100000000)
  eden space 7680K, 100% used [0x00000000d5580000,0x00000000d5d00000,0x00000000d5d00000)
  from space 1024K, 21% used [0x00000000d5d80000,0x00000000d5db8000,0x00000000d5e80000)
  to   space 512K, 0% used [0x00000000d5f00000,0x00000000d5f00000,0x00000000d5f80000)
 ParOldGen       total 1145856K, used 744586K [0x0000000080000000, 0x00000000c5f00000, 0x00000000d5580000)
  object space 1145856K, 64% used [0x0000000080000000,0x00000000ad722848,0x00000000c5f00000)
 Metaspace       used 106138K, committed 107968K, reserved 1179648K
  class space    used 10470K, committed 11392K, reserved 1048576K
}
Event: 13198.231 GC heap after
{Heap after GC invocations=7606 (full 8):
 PSYoungGen      total 8192K, used 506K [0x00000000d5580000, 0x00000000d5f80000, 0x0000000100000000)
  eden space 7680K, 0% used [0x00000000d5580000,0x00000000d5580000,0x00000000d5d00000)
  from space 512K, 98% used [0x00000000d5f00000,0x00000000d5f7eb70,0x00000000d5f80000)
  to   space 1024K, 0% used [0x00000000d5d80000,0x00000000d5d80000,0x00000000d5e80000)
 ParOldGen       total 1145856K, used 744960K [0x0000000080000000, 0x00000000c5f00000, 0x00000000d5580000)
  object space 1145856K, 65% used [0x0000000080000000,0x00000000ad7801e8,0x00000000c5f00000)
 Metaspace       used 106138K, committed 107968K, reserved 1179648K
  class space    used 10470K, committed 11392K, reserved 1048576K
}

