# JRE version: OpenJDK Runtime Environment Temurin-21.0.8+9 (21.0.8+9) (build 21.0.8+9-LTS)
# Java VM: OpenJDK 64-Bit Server VM Temurin-21.0.8+9 (21.0.8+9-LTS, mixed mode, sharing, tiered, compressed oops, compressed class ptrs, parallel gc, windows-amd64)
GC Precious Log:
 CardTable entry size: 512
 CPUs: 8 total, 8 available
 Memory: 7952M
 Large Page Support: Disabled
 NUMA Support: Disabled
 Compressed Oops: Enabled (32-bit)
 Alignments: Space 512K, Generation 512K, Heap 2M
 Heap Min Capacity: 100M
 Heap Initial Capacity: 100M
 Heap Max Capacity: 2G
 Pre-touch: Disabled
 Parallel Workers: 8
Heap:
 PSYoungGen      total 21504K, used 4497K [0x00000000d5580000, 0x00000000d6d80000, 0x0000000100000000)
  eden space 20480K, 18% used [0x00000000d5580000,0x00000000d594c770,0x00000000d6980000)
  from space 1024K, 59% used [0x00000000d6c80000,0x00000000d6d18000,0x00000000d6d80000)
  to   space 1536K, 0% used [0x00000000d6a80000,0x00000000d6a80000,0x00000000d6c00000)
 ParOldGen       total 128000K, used 127509K [0x0000000080000000, 0x0000000087d00000, 0x00000000d5580000)
  object space 128000K, 99% used [0x0000000080000000,0x0000000087c856a0,0x0000000087d00000)
 Metaspace       used 74292K, committed 75904K, reserved 1179648K
  class space    used 7529K, committed 8192K, reserved 1048576K
GC Heap History (20 events):
Event: 163.834 GC heap before
{Heap before GC invocations=122 (full 3):
 PSYoungGen      total 20992K, used 20975K [0x00000000d5580000, 0x00000000d7000000, 0x0000000100000000)
  eden space 20480K, 100% used [0x00000000d5580000,0x00000000d6980000,0x00000000d6980000)
  from space 512K, 96% used [0x00000000d6f80000,0x00000000d6ffbd20,0x00000000d7000000)
  to   space 2560K, 0% used [0x00000000d6b00000,0x00000000d6b00000,0x00000000d6d80000)
 ParOldGen       total 119808K, used 119657K [0x0000000080000000, 0x0000000087500000, 0x00000000d5580000)
  object space 119808K, 99% used [0x0000000080000000,0x00000000874da410,0x0000000087500000)
 Metaspace       used 71712K, committed 73280K, reserved 1114112K
  class space    used 7265K, committed 7936K, reserved 1048576K
}
Event: 163.850 GC heap after
{Heap after GC invocations=122 (full 3):
 PSYoungGen      total 23040K, used 1594K [0x00000000d5580000, 0x00000000d7000000, 0x0000000100000000)
  eden space 20480K, 0% used [0x00000000d5580000,0x00000000d5580000,0x00000000d6980000)
  from space 2560K, 62% used [0x00000000d6b00000,0x00000000d6c8eb90,0x00000000d6d80000)
  to   space 2048K, 0% used [0x00000000d6e00000,0x00000000d6e00000,0x00000000d7000000)
 ParOldGen       total 120320K, used 120176K [0x0000000080000000, 0x0000000087580000, 0x00000000d5580000)
  object space 120320K, 99% used [0x0000000080000000,0x000000008755c130,0x0000000087580000)
 Metaspace       used 71712K, committed 73280K, reserved 1114112K
  class space    used 7265K, committed 7936K, reserved 1048576K
}
Event: 164.106 GC heap before
{Heap before GC invocations=123 (full 3):
 PSYoungGen      total 23040K, used 22074K [0x00000000d5580000, 0x00000000d7000000, 0x0000000100000000)
  eden space 20480K, 100% used [0x00000000d5580000,0x00000000d6980000,0x00000000d6980000)
  from space 2560K, 62% used [0x00000000d6b00000,0x00000000d6c8eb90,0x00000000d6d80000)
  to   space 2048K, 0% used [0x00000000d6e00000,0x00000000d6e00000,0x00000000d7000000)
 ParOldGen       total 120320K, used 120176K [0x0000000080000000, 0x0000000087580000, 0x00000000d5580000)
  object space 120320K, 99% used [0x0000000080000000,0x000000008755c130,0x0000000087580000)
 Metaspace       used 72380K, committed 73984K, reserved 1179648K
  class space    used 7341K, committed 8000K, reserved 1048576K
}
Event: 164.114 GC heap after
{Heap after GC invocations=123 (full 3):
 PSYoungGen      total 21504K, used 714K [0x00000000d5580000, 0x00000000d6f00000, 0x0000000100000000)
  eden space 20480K, 0% used [0x00000000d5580000,0x00000000d5580000,0x00000000d6980000)
  from space 1024K, 69% used [0x00000000d6e00000,0x00000000d6eb2b80,0x00000000d6f00000)
  to   space 1536K, 0% used [0x00000000d6c00000,0x00000000d6c00000,0x00000000d6d80000)
 ParOldGen       total 121344K, used 120839K [0x0000000080000000, 0x0000000087680000, 0x00000000d5580000)
  object space 121344K, 99% used [0x0000000080000000,0x0000000087601d18,0x0000000087680000)
 Metaspace       used 72380K, committed 73984K, reserved 1179648K
  class space    used 7341K, committed 8000K, reserved 1048576K
}
Event: 165.020 GC heap before
{Heap before GC invocations=124 (full 3):
 PSYoungGen      total 21504K, used 21194K [0x00000000d5580000, 0x00000000d6f00000, 0x0000000100000000)
  eden space 20480K, 100% used [0x00000000d5580000,0x00000000d6980000,0x00000000d6980000)
  from space 1024K, 69% used [0x00000000d6e00000,0x00000000d6eb2b80,0x00000000d6f00000)
  to   space 1536K, 0% used [0x00000000d6c00000,0x00000000d6c00000,0x00000000d6d80000)
 ParOldGen       total 121344K, used 120839K [0x0000000080000000, 0x0000000087680000, 0x00000000d5580000)
  object space 121344K, 99% used [0x0000000080000000,0x0000000087601d18,0x0000000087680000)
 Metaspace       used 72664K, committed 74176K, reserved 1179648K
  class space    used 7362K, committed 8000K, reserved 1048576K
}
Event: 165.027 GC heap after
{Heap after GC invocations=124 (full 3):
 PSYoungGen      total 22016K, used 564K [0x00000000d5580000, 0x00000000d6e80000, 0x0000000100000000)
  eden space 20480K, 0% used [0x00000000d5580000,0x00000000d5580000,0x00000000d6980000)
  from space 1536K, 36% used [0x00000000d6c00000,0x00000000d6c8d200,0x00000000d6d80000)
  to   space 1024K, 0% used [0x00000000d6d80000,0x00000000d6d80000,0x00000000d6e80000)
 ParOldGen       total 121344K, used 120957K [0x0000000080000000, 0x0000000087680000, 0x00000000d5580000)
  object space 121344K, 99% used [0x0000000080000000,0x000000008761f688,0x0000000087680000)
 Metaspace       used 72664K, committed 74176K, reserved 1179648K
  class space    used 7362K, committed 8000K, reserved 1048576K
}
Event: 165.451 GC heap before
{Heap before GC invocations=125 (full 3):
 PSYoungGen      total 22016K, used 21044K [0x00000000d5580000, 0x00000000d6e80000, 0x0000000100000000)
  eden space 20480K, 100% used [0x00000000d5580000,0x00000000d6980000,0x00000000d6980000)
  from space 1536K, 36% used [0x00000000d6c00000,0x00000000d6c8d200,0x00000000d6d80000)
  to   space 1024K, 0% used [0x00000000d6d80000,0x00000000d6d80000,0x00000000d6e80000)
 ParOldGen       total 121344K, used 120957K [0x0000000080000000, 0x0000000087680000, 0x00000000d5580000)
  object space 121344K, 99% used [0x0000000080000000,0x000000008761f688,0x0000000087680000)
 Metaspace       used 72670K, committed 74176K, reserved 1179648K
  class space    used 7362K, committed 8000K, reserved 1048576K
}
Event: 165.461 GC heap after
{Heap after GC invocations=125 (full 3):
 PSYoungGen      total 21504K, used 1012K [0x00000000d5580000, 0x00000000d6e80000, 0x0000000100000000)
  eden space 20480K, 0% used [0x00000000d5580000,0x00000000d5580000,0x00000000d6980000)
  from space 1024K, 98% used [0x00000000d6d80000,0x00000000d6e7d200,0x00000000d6e80000)
  to   space 2048K, 0% used [0x00000000d6a80000,0x00000000d6a80000,0x00000000d6c80000)
 ParOldGen       total 121856K, used 121513K [0x0000000080000000, 0x0000000087700000, 0x00000000d5580000)
  object space 121856K, 99% used [0x0000000080000000,0x00000000876aa7c0,0x0000000087700000)
 Metaspace       used 72670K, committed 74176K, reserved 1179648K
  class space    used 7362K, committed 8000K, reserved 1048576K
}
Event: 166.064 GC heap before
{Heap before GC invocations=126 (full 3):
 PSYoungGen      total 21504K, used 21492K [0x00000000d5580000, 0x00000000d6e80000, 0x0000000100000000)
  eden space 20480K, 100% used [0x00000000d5580000,0x00000000d6980000,0x00000000d6980000)
  from space 1024K, 98% used [0x00000000d6d80000,0x00000000d6e7d200,0x00000000d6e80000)
  to   space 2048K, 0% used [0x00000000d6a80000,0x00000000d6a80000,0x00000000d6c80000)
 ParOldGen       total 121856K, used 121513K [0x0000000080000000, 0x0000000087700000, 0x00000000d5580000)
  object space 121856K, 99% used [0x0000000080000000,0x00000000876aa7c0,0x0000000087700000)
 Metaspace       used 72716K, committed 74304K, reserved 1179648K
  class space    used 7364K, committed 8064K, reserved 1048576K
}
Event: 166.070 GC heap after
{Heap after GC invocations=126 (full 3):
 PSYoungGen      total 22528K, used 2031K [0x00000000d5580000, 0x00000000d7180000, 0x0000000100000000)
  eden space 20480K, 0% used [0x00000000d5580000,0x00000000d5580000,0x00000000d6980000)
  from space 2048K, 99% used [0x00000000d6a80000,0x00000000d6c7bd70,0x00000000d6c80000)
  to   space 4096K, 0% used [0x00000000d6d80000,0x00000000d6d80000,0x00000000d7180000)
 ParOldGen       total 123392K, used 122958K [0x0000000080000000, 0x0000000087880000, 0x00000000d5580000)
  object space 123392K, 99% used [0x0000000080000000,0x0000000087813a10,0x0000000087880000)
 Metaspace       used 72716K, committed 74304K, reserved 1179648K
  class space    used 7364K, committed 8064K, reserved 1048576K
}
Event: 166.536 GC heap before
{Heap before GC invocations=127 (full 3):
 PSYoungGen      total 22528K, used 22511K [0x00000000d5580000, 0x00000000d7180000, 0x0000000100000000)
  eden space 20480K, 100% used [0x00000000d5580000,0x00000000d6980000,0x00000000d6980000)
  from space 2048K, 99% used [0x00000000d6a80000,0x00000000d6c7bd70,0x00000000d6c80000)
  to   space 4096K, 0% used [0x00000000d6d80000,0x00000000d6d80000,0x00000000d7180000)
 ParOldGen       total 123392K, used 122958K [0x0000000080000000, 0x0000000087880000, 0x00000000d5580000)
  object space 123392K, 99% used [0x0000000080000000,0x0000000087813a10,0x0000000087880000)
 Metaspace       used 72811K, committed 74368K, reserved 1179648K
  class space    used 7380K, committed 8064K, reserved 1048576K
}
Event: 166.545 GC heap after
{Heap after GC invocations=127 (full 3):
 PSYoungGen      total 23040K, used 2107K [0x00000000d5580000, 0x00000000d7000000, 0x0000000100000000)
  eden space 20480K, 0% used [0x00000000d5580000,0x00000000d5580000,0x00000000d6980000)
  from space 2560K, 82% used [0x00000000d6d80000,0x00000000d6f8ee00,0x00000000d7000000)
  to   space 3072K, 0% used [0x00000000d6a00000,0x00000000d6a00000,0x00000000d6d00000)
 ParOldGen       total 124928K, used 124920K [0x0000000080000000, 0x0000000087a00000, 0x00000000d5580000)
  object space 124928K, 99% used [0x0000000080000000,0x00000000879fe390,0x0000000087a00000)
 Metaspace       used 72811K, committed 74368K, reserved 1179648K
  class space    used 7380K, committed 8064K, reserved 1048576K
}
Event: 166.746 GC heap before
{Heap before GC invocations=128 (full 3):
 PSYoungGen      total 23040K, used 22587K [0x00000000d5580000, 0x00000000d7000000, 0x0000000100000000)
  eden space 20480K, 100% used [0x00000000d5580000,0x00000000d6980000,0x00000000d6980000)
  from space 2560K, 82% used [0x00000000d6d80000,0x00000000d6f8ee00,0x00000000d7000000)
  to   space 3072K, 0% used [0x00000000d6a00000,0x00000000d6a00000,0x00000000d6d00000)
 ParOldGen       total 124928K, used 124920K [0x0000000080000000, 0x0000000087a00000, 0x00000000d5580000)
  object space 124928K, 99% used [0x0000000080000000,0x00000000879fe390,0x0000000087a00000)
 Metaspace       used 73150K, committed 74688K, reserved 1179648K
  class space    used 7410K, committed 8064K, reserved 1048576K
}
Event: 166.749 GC heap after
{Heap after GC invocations=128 (full 3):
 PSYoungGen      total 22016K, used 1241K [0x00000000d5580000, 0x00000000d6e00000, 0x0000000100000000)
  eden space 20480K, 0% used [0x00000000d5580000,0x00000000d5580000,0x00000000d6980000)
  from space 1536K, 80% used [0x00000000d6a00000,0x00000000d6b36410,0x00000000d6b80000)
  to   space 2048K, 0% used [0x00000000d6c00000,0x00000000d6c00000,0x00000000d6e00000)
 ParOldGen       total 125440K, used 125269K [0x0000000080000000, 0x0000000087a80000, 0x00000000d5580000)
  object space 125440K, 99% used [0x0000000080000000,0x0000000087a55490,0x0000000087a80000)
 Metaspace       used 73150K, committed 74688K, reserved 1179648K
  class space    used 7410K, committed 8064K, reserved 1048576K
}
Event: 167.159 GC heap before
{Heap before GC invocations=129 (full 3):
 PSYoungGen      total 22016K, used 21721K [0x00000000d5580000, 0x00000000d6e00000, 0x0000000100000000)
  eden space 20480K, 100% used [0x00000000d5580000,0x00000000d6980000,0x00000000d6980000)
  from space 1536K, 80% used [0x00000000d6a00000,0x00000000d6b36410,0x00000000d6b80000)
  to   space 2048K, 0% used [0x00000000d6c00000,0x00000000d6c00000,0x00000000d6e00000)
 ParOldGen       total 125440K, used 125269K [0x0000000080000000, 0x0000000087a80000, 0x00000000d5580000)
  object space 125440K, 99% used [0x0000000080000000,0x0000000087a55490,0x0000000087a80000)
 Metaspace       used 73367K, committed 74944K, reserved 1179648K
  class space    used 7428K, committed 8128K, reserved 1048576K
}
Event: 167.168 GC heap after
{Heap after GC invocations=129 (full 3):
 PSYoungGen      total 22016K, used 1378K [0x00000000d5580000, 0x00000000d6d80000, 0x0000000100000000)
  eden space 20480K, 0% used [0x00000000d5580000,0x00000000d5580000,0x00000000d6980000)
  from space 1536K, 89% used [0x00000000d6c00000,0x00000000d6d58b00,0x00000000d6d80000)
  to   space 1536K, 0% used [0x00000000d6a00000,0x00000000d6a00000,0x00000000d6b80000)
 ParOldGen       total 125952K, used 125541K [0x0000000080000000, 0x0000000087b00000, 0x00000000d5580000)
  object space 125952K, 99% used [0x0000000080000000,0x0000000087a99490,0x0000000087b00000)
 Metaspace       used 73367K, committed 74944K, reserved 1179648K
  class space    used 7428K, committed 8128K, reserved 1048576K
}
Event: 167.433 GC heap before
{Heap before GC invocations=130 (full 3):
 PSYoungGen      total 22016K, used 21858K [0x00000000d5580000, 0x00000000d6d80000, 0x0000000100000000)
  eden space 20480K, 100% used [0x00000000d5580000,0x00000000d6980000,0x00000000d6980000)
  from space 1536K, 89% used [0x00000000d6c00000,0x00000000d6d58b00,0x00000000d6d80000)
  to   space 1536K, 0% used [0x00000000d6a00000,0x00000000d6a00000,0x00000000d6b80000)
 ParOldGen       total 125952K, used 125541K [0x0000000080000000, 0x0000000087b00000, 0x00000000d5580000)
  object space 125952K, 99% used [0x0000000080000000,0x0000000087a99490,0x0000000087b00000)
 Metaspace       used 73454K, committed 75072K, reserved 1179648K
  class space    used 7436K, committed 8128K, reserved 1048576K
}
Event: 167.444 GC heap after
{Heap after GC invocations=130 (full 3):
 PSYoungGen      total 22016K, used 1530K [0x00000000d5580000, 0x00000000d6f80000, 0x0000000100000000)
  eden space 20480K, 0% used [0x00000000d5580000,0x00000000d5580000,0x00000000d6980000)
  from space 1536K, 99% used [0x00000000d6a00000,0x00000000d6b7eb70,0x00000000d6b80000)
  to   space 3072K, 0% used [0x00000000d6c80000,0x00000000d6c80000,0x00000000d6f80000)
 ParOldGen       total 126976K, used 126694K [0x0000000080000000, 0x0000000087c00000, 0x00000000d5580000)
  object space 126976K, 99% used [0x0000000080000000,0x0000000087bb9b90,0x0000000087c00000)
 Metaspace       used 73454K, committed 75072K, reserved 1179648K
  class space    used 7436K, committed 8128K, reserved 1048576K
}
Event: 170.211 GC heap before
{Heap before GC invocations=131 (full 3):
 PSYoungGen      total 22016K, used 22010K [0x00000000d5580000, 0x00000000d6f80000, 0x0000000100000000)
  eden space 20480K, 100% used [0x00000000d5580000,0x00000000d6980000,0x00000000d6980000)
  from space 1536K, 99% used [0x00000000d6a00000,0x00000000d6b7eb70,0x00000000d6b80000)
  to   space 3072K, 0% used [0x00000000d6c80000,0x00000000d6c80000,0x00000000d6f80000)
 ParOldGen       total 126976K, used 126694K [0x0000000080000000, 0x0000000087c00000, 0x00000000d5580000)
  object space 126976K, 99% used [0x0000000080000000,0x0000000087bb9b90,0x0000000087c00000)
 Metaspace       used 73988K, committed 75712K, reserved 1179648K
  class space    used 7500K, committed 8192K, reserved 1048576K
}
Event: 170.217 GC heap after
{Heap after GC invocations=131 (full 3):
 PSYoungGen      total 21504K, used 608K [0x00000000d5580000, 0x00000000d6d80000, 0x0000000100000000)
  eden space 20480K, 0% used [0x00000000d5580000,0x00000000d5580000,0x00000000d6980000)
  from space 1024K, 59% used [0x00000000d6c80000,0x00000000d6d18000,0x00000000d6d80000)
  to   space 1536K, 0% used [0x00000000d6a80000,0x00000000d6a80000,0x00000000d6c00000)
 ParOldGen       total 128000K, used 127509K [0x0000000080000000, 0x0000000087d00000, 0x00000000d5580000)
  object space 128000K, 99% used [0x0000000080000000,0x0000000087c856a0,0x0000000087d00000)
 Metaspace       used 73988K, committed 75712K, reserved 1179648K
  class space    used 7500K, committed 8192K, reserved 1048576K
}

